[2022-08-07 08:09:40] ERROR: (1045) SQLSTATE[HY000] [1045] Access denied for user 'shawon'@'localhost' (using password: YES); GET /Settings; line: 97, file: C:\xampp_new\htdocs\EspoCRM\application\Espo\ORM\PDO\DefaultPDOProvider.php [] []
[2022-08-07 08:09:40] ERROR: (1045) SQLSTATE[HY000] [1045] Access denied for user 'shawon'@'localhost' (using password: YES); GET /I18n; line: 97, file: C:\xampp_new\htdocs\EspoCRM\application\Espo\ORM\PDO\DefaultPDOProvider.php [] []
[2022-08-07 08:09:49] ERROR: (1045) SQLSTATE[HY000] [1045] Access denied for user 'shawon'@'localhost' (using password: YES); GET /Settings; line: 97, file: C:\xampp_new\htdocs\EspoCRM\application\Espo\ORM\PDO\DefaultPDOProvider.php [] []
[2022-08-07 08:09:52] ERROR: (1045) SQLSTATE[HY000] [1045] Access denied for user 'shawon'@'localhost' (using password: YES); GET /I18n; line: 97, file: C:\xampp_new\htdocs\EspoCRM\application\Espo\ORM\PDO\DefaultPDOProvider.php [] []
[2022-08-07 08:15:36] ERROR: (1045) SQLSTATE[HY000] [1045] Access denied for user 'shawon'@'localhost' (using password: YES); GET /Settings; line: 97, file: C:\xampp_new\htdocs\EspoCRM\application\Espo\ORM\PDO\DefaultPDOProvider.php [] []
[2022-08-07 08:15:36] ERROR: (1045) SQLSTATE[HY000] [1045] Access denied for user 'shawon'@'localhost' (using password: YES); GET /I18n; line: 97, file: C:\xampp_new\htdocs\EspoCRM\application\Espo\ORM\PDO\DefaultPDOProvider.php [] []
[2022-08-07 08:17:15] ERROR: (1044) SQLSTATE[HY000] [1044] Access denied for user 'shawon'@'localhost' to database 'crm'; GET /I18n; line: 97, file: C:\xampp_new\htdocs\EspoCRM\application\Espo\ORM\PDO\DefaultPDOProvider.php [] []
[2022-08-07 08:17:15] ERROR: (1044) SQLSTATE[HY000] [1044] Access denied for user 'shawon'@'localhost' to database 'crm'; GET /Settings; line: 97, file: C:\xampp_new\htdocs\EspoCRM\application\Espo\ORM\PDO\DefaultPDOProvider.php [] []
[2022-08-07 08:17:16] ERROR: (1044) SQLSTATE[HY000] [1044] Access denied for user 'shawon'@'localhost' to database 'crm'; GET /Settings; line: 97, file: C:\xampp_new\htdocs\EspoCRM\application\Espo\ORM\PDO\DefaultPDOProvider.php [] []
[2022-08-07 08:17:16] ERROR: (1044) SQLSTATE[HY000] [1044] Access denied for user 'shawon'@'localhost' to database 'crm'; GET /I18n; line: 97, file: C:\xampp_new\htdocs\EspoCRM\application\Espo\ORM\PDO\DefaultPDOProvider.php [] []
[2022-08-07 08:17:17] ERROR: (1044) SQLSTATE[HY000] [1044] Access denied for user 'shawon'@'localhost' to database 'crm'; GET /Settings; line: 97, file: C:\xampp_new\htdocs\EspoCRM\application\Espo\ORM\PDO\DefaultPDOProvider.php [] []
[2022-08-07 08:17:17] ERROR: (1044) SQLSTATE[HY000] [1044] Access denied for user 'shawon'@'localhost' to database 'crm'; GET /I18n; line: 97, file: C:\xampp_new\htdocs\EspoCRM\application\Espo\ORM\PDO\DefaultPDOProvider.php [] []
[2022-08-07 08:17:42] ERROR: (1044) SQLSTATE[HY000] [1044] Access denied for user 'shawon'@'localhost' to database 'crm'; GET /Settings; line: 97, file: C:\xampp_new\htdocs\EspoCRM\application\Espo\ORM\PDO\DefaultPDOProvider.php [] []
[2022-08-07 08:17:42] ERROR: (1044) SQLSTATE[HY000] [1044] Access denied for user 'shawon'@'localhost' to database 'crm'; GET /I18n; line: 97, file: C:\xampp_new\htdocs\EspoCRM\application\Espo\ORM\PDO\DefaultPDOProvider.php [] []
[2022-08-07 08:18:45] ERROR: (1044) SQLSTATE[HY000] [1044] Access denied for user 'shawon'@'localhost' to database 'crm'; GET /Settings; line: 97, file: C:\xampp_new\htdocs\EspoCRM\application\Espo\ORM\PDO\DefaultPDOProvider.php [] []
[2022-08-07 08:18:45] ERROR: (1044) SQLSTATE[HY000] [1044] Access denied for user 'shawon'@'localhost' to database 'crm'; GET /I18n; line: 97, file: C:\xampp_new\htdocs\EspoCRM\application\Espo\ORM\PDO\DefaultPDOProvider.php [] []
[2022-08-07 08:18:56] ERROR: (1044) SQLSTATE[HY000] [1044] Access denied for user 'shawon'@'localhost' to database 'crm'; GET /Settings; line: 97, file: C:\xampp_new\htdocs\EspoCRM\application\Espo\ORM\PDO\DefaultPDOProvider.php [] []
[2022-08-07 08:18:56] ERROR: (1044) SQLSTATE[HY000] [1044] Access denied for user 'shawon'@'localhost' to database 'crm'; GET /I18n; line: 97, file: C:\xampp_new\htdocs\EspoCRM\application\Espo\ORM\PDO\DefaultPDOProvider.php [] []
[2022-08-07 08:25:19] ERROR: (1044) SQLSTATE[HY000] [1044] Access denied for user 'shawon'@'localhost' to database 'crm'; GET /Settings; line: 97, file: C:\xampp_new\htdocs\EspoCRM\application\Espo\ORM\PDO\DefaultPDOProvider.php [] []
[2022-08-07 08:25:19] ERROR: (1044) SQLSTATE[HY000] [1044] Access denied for user 'shawon'@'localhost' to database 'crm'; GET /I18n; line: 97, file: C:\xampp_new\htdocs\EspoCRM\application\Espo\ORM\PDO\DefaultPDOProvider.php [] []
[2022-08-07 08:25:36] ERROR: (1044) SQLSTATE[HY000] [1044] Access denied for user 'shawon'@'localhost' to database 'crm'; GET /Settings; line: 97, file: C:\xampp_new\htdocs\EspoCRM\application\Espo\ORM\PDO\DefaultPDOProvider.php [] []
[2022-08-07 08:25:36] ERROR: (1044) SQLSTATE[HY000] [1044] Access denied for user 'shawon'@'localhost' to database 'crm'; GET /I18n; line: 97, file: C:\xampp_new\htdocs\EspoCRM\application\Espo\ORM\PDO\DefaultPDOProvider.php [] []
[2022-08-07 08:36:41] ERROR: (1044) SQLSTATE[HY000] [1044] Access denied for user 'shawon'@'localhost' to database 'crm'; GET /Settings; line: 97, file: C:\xampp_new\htdocs\EspoCRM\application\Espo\ORM\PDO\DefaultPDOProvider.php [] []
[2022-08-07 08:36:41] ERROR: (1044) SQLSTATE[HY000] [1044] Access denied for user 'shawon'@'localhost' to database 'crm'; GET /I18n; line: 97, file: C:\xampp_new\htdocs\EspoCRM\application\Espo\ORM\PDO\DefaultPDOProvider.php [] []
[2022-08-07 08:38:48] ERROR: Uncaught Exception Espo\Core\Exceptions\Error: "Only GET requests allowed for entry points." at C:\xampp_new\htdocs\EspoCRM\application\Espo\Core\EntryPoint\Starter.php line 98 {"exception":"[object] (Espo\\Core\\Exceptions\\Error(code: 500): Only GET requests allowed for entry points. at C:\\xampp_new\\htdocs\\EspoCRM\\application\\Espo\\Core\\EntryPoint\\Starter.php:98)"} []
[2022-08-07 08:40:51] ERROR: Uncaught Exception Espo\Core\Exceptions\Error: "Only GET requests allowed for entry points." at C:\xampp_new\htdocs\EspoCRM\application\Espo\Core\EntryPoint\Starter.php line 98 {"exception":"[object] (Espo\\Core\\Exceptions\\Error(code: 500): Only GET requests allowed for entry points. at C:\\xampp_new\\htdocs\\EspoCRM\\application\\Espo\\Core\\EntryPoint\\Starter.php:98)"} []
